2025-06-04 14:40:55 - Pre-push Hook gestartet für Remote: github-mindbeamer-landing, Branch: main
2025-06-04 14:40:55 - Pre-push Hook abgeschlossen mit Status: 0
2025-06-04 14:52:03 - Pre-push Hook gestartet für Remote: s22-mindbeamer-web, Branch: main
2025-06-04 14:52:03 - \033[1;33mPush auf produktiven Server erkannt. Synchronisiere mit GitHub (Force-Push)...\033[0m
2025-06-04 14:52:03 - \033[1;33mFühre Force-Push auf GitHub durch...\033[0m
2025-06-04 14:52:03 - Pre-push Hook gestartet für Remote: github-mindbeamer-landing, Branch: main
2025-06-04 14:52:04 - Pre-push Hook abgeschlossen mit Status: 0
2025-06-04 14:52:06 - \033[0;32mErfolgreich mit GitHub synchronisiert (Force-Push).\033[0m
2025-06-04 14:52:11 - Pre-push Hook abgeschlossen mit Status: 0
2025-06-04 15:04:21 - Pre-push Hook gestartet für Remote: s22-mindbeamer-web, Branch: main
2025-06-04 15:04:21 - \033[1;33mPush auf produktiven Server erkannt. Prüfe GitHub-Status...\033[0m
2025-06-04 15:04:21 - \033[1;33mWARNUNG: Es gibt 1 Commit-Unterschiede zwischen Ihrer lokalen Version und GitHub.\033[0m
2025-06-04 15:04:21 - \033[1;33mSie sollten diese Unterschiede manuell überprüfen mit:\033[0m
2025-06-04 15:04:21 - \033[1;33m  git diff HEAD...github-mindbeamer-landing/main --name-status\033[0m
2025-06-04 15:04:21 - \033[1;33mFühre Push auf GitHub durch...\033[0m
2025-06-04 15:04:22 - Pre-push Hook gestartet für Remote: github-mindbeamer-landing, Branch: main
2025-06-04 15:04:23 - Pre-push Hook abgeschlossen mit Status: 0
2025-06-04 15:04:23 - \033[0;32mErfolgreich mit GitHub synchronisiert.\033[0m
2025-06-04 15:04:26 - Pre-push Hook gestartet für Remote: github-mindbeamer-landing, Branch: main
2025-06-04 15:04:26 - Pre-push Hook abgeschlossen mit Status: 0
2025-06-04 15:04:28 - Pre-push Hook abgeschlossen mit Status: 0
2025-06-04 15:06:04 - Pre-push Hook gestartet für Remote: s22-mindbeamer-web, Branch: main
2025-06-04 15:06:04 - \033[1;33mPush auf produktiven Server erkannt. Prüfe GitHub-Status...\033[0m
2025-06-04 15:06:04 - \033[1;33mWARNUNG: Es gibt 1 Commit-Unterschiede zwischen Ihrer lokalen Version und GitHub.\033[0m
2025-06-04 15:06:04 - \033[1;33mSie sollten diese Unterschiede manuell überprüfen mit:\033[0m
2025-06-04 15:06:04 - \033[1;33m  git diff HEAD...github-mindbeamer-landing/main --name-status\033[0m
2025-06-04 15:06:04 - \033[1;33mFühre Push auf GitHub durch...\033[0m
2025-06-04 15:06:05 - Pre-push Hook gestartet für Remote: github-mindbeamer-landing, Branch: main
2025-06-04 15:06:06 - Pre-push Hook abgeschlossen mit Status: 0
2025-06-04 15:06:06 - \033[0;32mErfolgreich mit GitHub synchronisiert.\033[0m
2025-06-04 15:06:11 - Pre-push Hook abgeschlossen mit Status: 0
2025-06-04 15:06:31 - Pre-push Hook gestartet für Remote: github-mindbeamer-landing, Branch: main
2025-06-04 15:06:31 - Pre-push Hook abgeschlossen mit Status: 0
2025-06-04 16:52:29 - Pre-push Hook gestartet für Remote: s22-mindbeamer-web, Branch: main
2025-06-04 16:52:29 - \033[1;33mPush auf produktiven Server erkannt. Prüfe GitHub-Status...\033[0m
2025-06-04 16:52:29 - \033[1;33mWARNUNG: Es gibt 2 Commit-Unterschiede zwischen Ihrer lokalen Version und GitHub.\033[0m
2025-06-04 16:52:29 - \033[1;33mSie sollten diese Unterschiede manuell überprüfen mit:\033[0m
2025-06-04 16:52:29 - \033[1;33m  git diff HEAD...github-mindbeamer-landing/main --name-status\033[0m
2025-06-04 16:52:29 - \033[1;33mFühre Push auf GitHub durch...\033[0m
2025-06-04 16:52:30 - Pre-push Hook gestartet für Remote: github-mindbeamer-landing, Branch: main
2025-06-04 16:52:31 - Pre-push Hook abgeschlossen mit Status: 0
2025-06-04 16:52:31 - \033[0;32mErfolgreich mit GitHub synchronisiert.\033[0m
2025-06-04 16:52:36 - Pre-push Hook abgeschlossen mit Status: 0
